<?xml version="1.0" encoding="UTF-8"?>
<testsuite xmlns:xsi="http://www.w3.org/2001/XMLSchema-instance" xsi:noNamespaceSchemaLocation="https://maven.apache.org/surefire/maven-surefire-plugin/xsd/surefire-test-report.xsd" version="3.0.2" name="com.JwtSetup.JwtSetup.JwtSetupApplicationTests" time="35.283" tests="1" errors="0" skipped="0" failures="0">
  <properties>
[...]
</properties>
  <testcase name="contextLoads" classname="com.JwtSetup.JwtSetup.JwtSetupApplicationTests" time="6.816">
    <system-out><![CDATA[22:31:46.299 [main] INFO org.springframework.test.context.support.AnnotationConfigContextLoaderUtils -- Could not detect default configuration classes for test class [com.JwtSetup.JwtSetup.JwtSetupApplicationTests]: JwtSetupApplicationTests does not declare any static, non-private, non-final, nested classes annotated with @Configuration.
22:31:47.447 [main] INFO org.springframework.boot.test.context.SpringBootTestContextBootstrapper -- Found @SpringBootConfiguration com.JwtSetup.JwtSetup.JwtSetupApplication for test class com.JwtSetup.JwtSetup.JwtSetupApplicationTests
22:31:49.498 [main] INFO org.springframework.boot.devtools.restart.RestartApplicationListener -- Restart disabled due to context in which it is running

  .   ____          _            __ _ _
 /\\ / ___'_ __ _ _(_)_ __  __ _ \ \ \ \
( ( )\___ | '_ | '_| | '_ \/ _` | \ \ \ \
 \\/  ___)| |_)| | | | | || (_| |  ) ) ) )
  '  |____| .__|_| |_|_| |_\__, | / / / /
 =========|_|==============|___/=/_/_/_/

 :: Spring Boot ::                (v3.4.2)

2025-12-19T22:31:56.071+01:00  INFO 19000 --- [JwtSetup] [           main] c.J.JwtSetup.JwtSetupApplicationTests    : Starting JwtSetupApplicationTests using Java 17.0.10 with PID 19000 (started by PC in D:\gestion projet\SetupJwtSpring)
2025-12-19T22:31:56.075+01:00  INFO 19000 --- [JwtSetup] [           main] c.J.JwtSetup.JwtSetupApplicationTests    : No active profile set, falling back to 1 default profile: "default"
2025-12-19T22:32:01.244+01:00  INFO 19000 --- [JwtSetup] [           main] .s.d.r.c.RepositoryConfigurationDelegate : Bootstrapping Spring Data JPA repositories in DEFAULT mode.
2025-12-19T22:32:01.545+01:00  INFO 19000 --- [JwtSetup] [           main] .s.d.r.c.RepositoryConfigurationDelegate : Finished Spring Data repository scanning in 270 ms. Found 4 JPA repository interfaces.
2025-12-19T22:32:04.856+01:00  INFO 19000 --- [JwtSetup] [           main] o.hibernate.jpa.internal.util.LogHelper  : HHH000204: Processing PersistenceUnitInfo [name: default]
2025-12-19T22:32:05.121+01:00  INFO 19000 --- [JwtSetup] [           main] org.hibernate.Version                    : HHH000412: Hibernate ORM core version 6.6.5.Final
2025-12-19T22:32:05.264+01:00  INFO 19000 --- [JwtSetup] [           main] o.h.c.internal.RegionFactoryInitiator    : HHH000026: Second-level cache disabled
2025-12-19T22:32:06.848+01:00  INFO 19000 --- [JwtSetup] [           main] o.s.o.j.p.SpringPersistenceUnitInfo      : No LoadTimeWeaver setup: ignoring JPA class transformer
2025-12-19T22:32:06.929+01:00  INFO 19000 --- [JwtSetup] [           main] com.zaxxer.hikari.HikariDataSource       : HikariPool-1 - Starting...
2025-12-19T22:32:07.545+01:00  INFO 19000 --- [JwtSetup] [           main] com.zaxxer.hikari.pool.HikariPool        : HikariPool-1 - Added connection com.mysql.cj.jdbc.ConnectionImpl@503556cb
2025-12-19T22:32:07.551+01:00  INFO 19000 --- [JwtSetup] [           main] com.zaxxer.hikari.HikariDataSource       : HikariPool-1 - Start completed.
2025-12-19T22:32:07.681+01:00  WARN 19000 --- [JwtSetup] [           main] org.hibernate.dialect.Dialect            : HHH000511: The 5.5.5 version for [org.hibernate.dialect.MySQLDialect] is no longer supported, hence certain features may not work properly. The minimum supported version is 8.0.0. Check the community dialects project for available legacy versions.
2025-12-19T22:32:07.696+01:00  WARN 19000 --- [JwtSetup] [           main] org.hibernate.orm.deprecation            : HHH90000025: MySQLDialect does not need to be specified explicitly using 'hibernate.dialect' (remove the property setting and it will be selected by default)
2025-12-19T22:32:07.765+01:00  INFO 19000 --- [JwtSetup] [           main] org.hibernate.orm.connections.pooling    : HHH10001005: Database info:
	Database JDBC URL [Connecting through datasource 'HikariDataSource (HikariPool-1)']
	Database driver: undefined/unknown
	Database version: 5.5.5
	Autocommit mode: undefined/unknown
	Isolation level: undefined/unknown
	Minimum pool size: undefined/unknown
	Maximum pool size: undefined/unknown
2025-12-19T22:32:10.405+01:00  INFO 19000 --- [JwtSetup] [           main] o.h.e.t.j.p.i.JtaPlatformInitiator       : HHH000489: No JTA platform available (set 'hibernate.transaction.jta.platform' to enable JTA platform integration)
2025-12-19T22:32:10.603+01:00  INFO 19000 --- [JwtSetup] [           main] j.LocalContainerEntityManagerFactoryBean : Initialized JPA EntityManagerFactory for persistence unit 'default'
2025-12-19T22:32:11.613+01:00  INFO 19000 --- [JwtSetup] [           main] eAuthenticationProviderManagerConfigurer : Global AuthenticationManager configured with AuthenticationProvider bean with name authenticationProvider
2025-12-19T22:32:11.614+01:00  WARN 19000 --- [JwtSetup] [           main] r$InitializeUserDetailsManagerConfigurer : Global AuthenticationManager configured with an AuthenticationProvider bean. UserDetailsService beans will not be used by Spring Security for automatically configuring username/password login. Consider removing the AuthenticationProvider bean. Alternatively, consider using the UserDetailsService in a manually instantiated DaoAuthenticationProvider. If the current configuration is intentional, to turn off this warning, increase the logging level of 'org.springframework.security.config.annotation.authentication.configuration.InitializeUserDetailsBeanManagerConfigurer' to ERROR
2025-12-19T22:32:11.875+01:00  WARN 19000 --- [JwtSetup] [           main] JpaBaseConfiguration$JpaWebConfiguration : spring.jpa.open-in-view is enabled by default. Therefore, database queries may be performed during view rendering. Explicitly configure spring.jpa.open-in-view to disable this warning
2025-12-19T22:32:12.807+01:00 DEBUG 19000 --- [JwtSetup] [           main] o.s.s.web.DefaultSecurityFilterChain     : Will secure any request with filters: DisableEncodeUrlFilter, WebAsyncManagerIntegrationFilter, SecurityContextHolderFilter, HeaderWriterFilter, CorsFilter, LogoutFilter, JwtAuthenticationFilter, RequestCacheAwareFilter, SecurityContextHolderAwareRequestFilter, AnonymousAuthenticationFilter, SessionManagementFilter, ExceptionTranslationFilter, AuthorizationFilter
2025-12-19T22:32:13.715+01:00  INFO 19000 --- [JwtSetup] [           main] c.J.JwtSetup.JwtSetupApplicationTests    : Started JwtSetupApplicationTests in 24.256 seconds (process running for 30.106)
Hibernate: select r1_0.id,r1_0.name from roles r1_0 where r1_0.name=?
Hibernate: select u1_0.id,u1_0.enabled,u1_0.password,u1_0.refresh_token,u1_0.username from users u1_0 where u1_0.username=?
Hibernate: select r1_0.user_id,r1_1.id,r1_1.name from user_roles r1_0 join roles r1_1 on r1_1.id=r1_0.role_id where r1_0.user_id=?
]]></system-out>
  </testcase>
</testsuite>